<?xml version="1.0" encoding="UTF-8"?>
<!-- Generated by org.testng.reporters.JUnitReportReporter -->
<testsuite hostname="LAPTOP-EEAS1CV9" failures="0" tests="1" name="com.Ecommerce.testscripts.regsiterModule.RegisterTest" time="0.000" errors="0" timestamp="27 May 2025 10:22:42 GMT" skipped="1">
  <testcase classname="com.Ecommerce.testscripts.regsiterModule.RegisterTest" name="register" time="0.000">
    <skipped/>
  </testcase> <!-- register -->
</testsuite> <!-- com.Ecommerce.testscripts.regsiterModule.RegisterTest -->
