<?xml version="1.0" encoding="UTF-8"?>
<!-- Generated by org.testng.reporters.JUnitReportReporter -->
<testsuite hostname="LAPTOP-EEAS1CV9" failures="0" tests="1" name="com.Ecommerce.testscripts.loginModule.ValidLoginTest" time="8.484" errors="0" timestamp="31 May 2025 05:45:39 GMT" skipped="0">
  <testcase classname="com.Ecommerce.testscripts.loginModule.ValidLoginTest" name="login" time="8.484"/>
</testsuite> <!-- com.Ecommerce.testscripts.loginModule.ValidLoginTest -->
