<?xml version="1.0" encoding="UTF-8"?>
<!-- Generated by org.testng.reporters.JUnitReportReporter -->
<testsuite hostname="LAPTOP-EEAS1CV9" failures="0" tests="2" name="com.Ecommerce.testscripts.addToCartModule.AddToCartTest" time="12.203" errors="0" timestamp="01 Jun 2025 09:22:14 GMT" skipped="0">
  <testcase classname="com.Ecommerce.testscripts.addToCartModule.AddToCartTest" name="login" time="2.671"/>
  <testcase classname="com.Ecommerce.testscripts.addToCartModule.AddToCartTest" name="addToCart" time="9.532"/>
</testsuite> <!-- com.Ecommerce.testscripts.addToCartModule.AddToCartTest -->
