<?xml version="1.0" encoding="UTF-8"?>
<!-- Generated by org.testng.reporters.JUnitReportReporter -->
<testsuite hostname="LAPTOP-EEAS1CV9" failures="0" tests="1" name="com.Ecommerce.testscripts.loginModule.ValidLoginTest" time="2.486" errors="0" timestamp="01 Jun 2025 09:21:37 GMT" skipped="0">
  <testcase classname="com.Ecommerce.testscripts.loginModule.ValidLoginTest" name="login" time="2.486"/>
</testsuite> <!-- com.Ecommerce.testscripts.loginModule.ValidLoginTest -->
