<?xml version="1.0" encoding="UTF-8"?>
<!-- Generated by org.testng.reporters.JUnitReportReporter -->
<testsuite hostname="LAPTOP-EEAS1CV9" failures="0" tests="9" name="com.Ecommerce.testscripts.regsiterModule.RegisterTest" time="39.677" errors="0" timestamp="01 Jun 2025 09:15:40 GMT" skipped="0">
  <testcase classname="com.Ecommerce.testscripts.regsiterModule.RegisterTest" name="register" time="4.182"/>
  <testcase classname="com.Ecommerce.testscripts.regsiterModule.RegisterTest" name="register" time="4.331"/>
  <testcase classname="com.Ecommerce.testscripts.regsiterModule.RegisterTest" name="register" time="4.546"/>
  <testcase classname="com.Ecommerce.testscripts.regsiterModule.RegisterTest" name="register" time="4.593"/>
  <testcase classname="com.Ecommerce.testscripts.regsiterModule.RegisterTest" name="register" time="4.623"/>
  <testcase classname="com.Ecommerce.testscripts.regsiterModule.RegisterTest" name="register" time="4.411"/>
  <testcase classname="com.Ecommerce.testscripts.regsiterModule.RegisterTest" name="register" time="4.337"/>
  <testcase classname="com.Ecommerce.testscripts.regsiterModule.RegisterTest" name="register" time="4.364"/>
  <testcase classname="com.Ecommerce.testscripts.regsiterModule.RegisterTest" name="register" time="4.290"/>
</testsuite> <!-- com.Ecommerce.testscripts.regsiterModule.RegisterTest -->
